[debug] [2021-02-06T22:09:59.667Z] ----------------------------------------------------------------------
[debug] [2021-02-06T22:09:59.674Z] Command:       C:\Program Files\nodejs\node.exe C:\Users\user\AppData\Roaming\npm\node_modules\firebase-tools\lib\bin\firebase.js init
[debug] [2021-02-06T22:09:59.675Z] CLI Version:   9.3.0
[debug] [2021-02-06T22:09:59.675Z] Platform:      win32
[debug] [2021-02-06T22:09:59.675Z] Node Version:  v12.14.1
[debug] [2021-02-06T22:09:59.678Z] Time:          Sat Feb 06 2021 22:09:59 GMT+0000 (Greenwich Mean Time)
[debug] [2021-02-06T22:09:59.679Z] ----------------------------------------------------------------------
[debug] [2021-02-06T22:09:59.679Z] 
[debug] [2021-02-06T22:09:59.695Z] > command requires scopes: ["email","openid","https://www.googleapis.com/auth/cloudplatformprojects.readonly","https://www.googleapis.com/auth/firebase","https://www.googleapis.com/auth/cloud-platform"]
[debug] [2021-02-06T22:09:59.697Z] > authorizing via signed-in user
[info] 
     ######## #### ########  ######## ########     ###     ######  ########
     ##        ##  ##     ## ##       ##     ##  ##   ##  ##       ##
     ######    ##  ########  ######   ########  #########  ######  ######
     ##        ##  ##    ##  ##       ##     ## ##     ##       ## ##
     ##       #### ##     ## ######## ########  ##     ##  ######  ########

You're about to initialize a Firebase project in this directory:

  C:\react_projects\rac

Before we get started, keep in mind:

  * You are currently outside your home directory

[info] 
=== Project Setup
[info] 
[info] First, let's associate this project directory with a Firebase project.
[info] You can create multiple project aliases by running firebase use --add, 
[info] but for now we'll just set up a default project.
[info] 
[debug] [2021-02-06T22:10:52.102Z] >>> [apiv2][query] GET https://firebase.googleapis.com/v1beta1/projects pageSize=100
[debug] [2021-02-06T22:10:52.955Z] Failed to make request to https://firebase.googleapis.com/v1beta1/projects?pageSize=100
[debug] [2021-02-06T22:10:53.620Z] FirebaseError: Failed to make request to https://firebase.googleapis.com/v1beta1/projects?pageSize=100
    at Client.doRequest (C:\Users\user\AppData\Roaming\npm\node_modules\firebase-tools\lib\apiv2.js:200:19)
    at processTicksAndRejections (internal/process/task_queues.js:94:5)
[error] 
[error] Error: Failed to list Firebase projects. See firebase-debug.log for more info.
[debug] [2021-02-06T22:11:00.151Z] ----------------------------------------------------------------------
[debug] [2021-02-06T22:11:00.156Z] Command:       C:\Program Files\nodejs\node.exe C:\Users\user\AppData\Roaming\npm\node_modules\firebase-tools\lib\bin\firebase.js init
[debug] [2021-02-06T22:11:00.157Z] CLI Version:   9.3.0
[debug] [2021-02-06T22:11:00.157Z] Platform:      win32
[debug] [2021-02-06T22:11:00.157Z] Node Version:  v12.14.1
[debug] [2021-02-06T22:11:00.160Z] Time:          Sat Feb 06 2021 22:11:00 GMT+0000 (Greenwich Mean Time)
[debug] [2021-02-06T22:11:00.160Z] ----------------------------------------------------------------------
[debug] [2021-02-06T22:11:00.161Z] 
[debug] [2021-02-06T22:11:00.176Z] > command requires scopes: ["email","openid","https://www.googleapis.com/auth/cloudplatformprojects.readonly","https://www.googleapis.com/auth/firebase","https://www.googleapis.com/auth/cloud-platform"]
[debug] [2021-02-06T22:11:00.177Z] > authorizing via signed-in user
[info] 
     ######## #### ########  ######## ########     ###     ######  ########
     ##        ##  ##     ## ##       ##     ##  ##   ##  ##       ##
     ######    ##  ########  ######   ########  #########  ######  ######
     ##        ##  ##    ##  ##       ##     ## ##     ##       ## ##
     ##       #### ##     ## ######## ########  ##     ##  ######  ########

You're about to initialize a Firebase project in this directory:

  C:\react_projects\rac

Before we get started, keep in mind:

  * You are currently outside your home directory

[info] 
=== Project Setup
[info] 
[info] First, let's associate this project directory with a Firebase project.
[info] You can create multiple project aliases by running firebase use --add, 
[info] but for now we'll just set up a default project.
[info] 
[debug] [2021-02-06T22:11:09.529Z] >>> [apiv2][query] GET https://firebase.googleapis.com/v1beta1/projects pageSize=100
[debug] [2021-02-06T22:11:10.264Z] Failed to make request to https://firebase.googleapis.com/v1beta1/projects?pageSize=100
[debug] [2021-02-06T22:11:10.854Z] FirebaseError: Failed to make request to https://firebase.googleapis.com/v1beta1/projects?pageSize=100
    at Client.doRequest (C:\Users\user\AppData\Roaming\npm\node_modules\firebase-tools\lib\apiv2.js:200:19)
    at processTicksAndRejections (internal/process/task_queues.js:94:5)
[error] 
[error] Error: Failed to list Firebase projects. See firebase-debug.log for more info.
[debug] [2021-02-06T22:12:13.095Z] ----------------------------------------------------------------------
[debug] [2021-02-06T22:12:13.098Z] Command:       C:\Program Files\nodejs\node.exe C:\Users\user\AppData\Roaming\npm\node_modules\firebase-tools\lib\bin\firebase.js init
[debug] [2021-02-06T22:12:13.098Z] CLI Version:   9.3.0
[debug] [2021-02-06T22:12:13.098Z] Platform:      win32
[debug] [2021-02-06T22:12:13.098Z] Node Version:  v12.14.1
[debug] [2021-02-06T22:12:13.100Z] Time:          Sat Feb 06 2021 22:12:13 GMT+0000 (Greenwich Mean Time)
[debug] [2021-02-06T22:12:13.100Z] ----------------------------------------------------------------------
[debug] [2021-02-06T22:12:13.100Z] 
[debug] [2021-02-06T22:12:13.107Z] > command requires scopes: ["email","openid","https://www.googleapis.com/auth/cloudplatformprojects.readonly","https://www.googleapis.com/auth/firebase","https://www.googleapis.com/auth/cloud-platform"]
[debug] [2021-02-06T22:12:13.108Z] > authorizing via signed-in user
[info] 
     ######## #### ########  ######## ########     ###     ######  ########
     ##        ##  ##     ## ##       ##     ##  ##   ##  ##       ##
     ######    ##  ########  ######   ########  #########  ######  ######
     ##        ##  ##    ##  ##       ##     ## ##     ##       ## ##
     ##       #### ##     ## ######## ########  ##     ##  ######  ########

You're about to initialize a Firebase project in this directory:

  C:\react_projects\rac

Before we get started, keep in mind:

  * You are currently outside your home directory

[info] 
=== Project Setup
[info] 
[info] First, let's associate this project directory with a Firebase project.
[info] You can create multiple project aliases by running firebase use --add, 
[info] but for now we'll just set up a default project.
[info] 
[debug] [2021-02-06T22:12:33.384Z] >>> [apiv2][query] GET https://firebase.googleapis.com/v1beta1/projects pageSize=100
[debug] [2021-02-06T22:12:34.116Z] Failed to make request to https://firebase.googleapis.com/v1beta1/projects?pageSize=100
[debug] [2021-02-06T22:12:34.838Z] FirebaseError: Failed to make request to https://firebase.googleapis.com/v1beta1/projects?pageSize=100
    at Client.doRequest (C:\Users\user\AppData\Roaming\npm\node_modules\firebase-tools\lib\apiv2.js:200:19)
    at processTicksAndRejections (internal/process/task_queues.js:94:5)
[error] 
[error] Error: Failed to list Firebase projects. See firebase-debug.log for more info.
